#
# A fatal error has been detected by the Java Runtime Environment:
#
#  SIGBUS (0xa) at pc=0x000000010356d0b7, pid=3537, tid=26371
#
# JRE version: Java(TM) SE Runtime Environment (7.0_51-b13) (build 1.7.0_51-b13)
# Java VM: Java HotSpot(TM) 64-Bit Server VM (24.51-b03 mixed mode bsd-amd64 compressed oops)
# Problematic frame:
# C  [libzip.dylib+0x30b7]  newEntry+0x154
#
# Failed to write core dump. Core dumps have been disabled. To enable core dumping, try "ulimit -c unlimited" before starting Java again
#
# If you would like to submit a bug report, please visit:
#   http://bugreport.sun.com/bugreport/crash.jsp
# The crash happened outside the Java Virtual Machine in native code.
# See problematic frame for where to report the bug.
#

---------------  T H R E A D  ---------------

Current thread (0x00007f98420fc800):  JavaThread "hz._hzInstance_1_dev.cached.thread-1" [_thread_in_native, id=26371, stack(0x0000000111143000,0x0000000111243000)]

siginfo:si_signo=SIGBUS: si_errno=0, si_code=2 (BUS_ADRERR), si_addr=0x000000010fee1341

Registers:
RAX=0x00007f9841708db0, RBX=0x000000010fee1335, RCX=0x0000000000000001, RDX=0x0000000000000508
RSP=0x00000001112405b0, RBP=0x0000000111240610, RSI=0x00007f9841500000, RDI=0x00000001033fae00
R8 =0x0000000000000004, R9 =0x00000000fe000000, R10=0x0000000011f94dab, R11=0x00007f9841500000
R12=0x000000000000a330, R13=0x00007f9843016600, R14=0x00007f9841708db0, R15=0x00007f98416701b0
RIP=0x000000010356d0b7, EFLAGS=0x0000000000010206, ERR=0x0000000000000004
  TRAPNO=0x000000000000000e

Top of Stack: (sp=0x00000001112405b0)
0x00000001112405b0:   00007f984150968c 000000000000007a
0x00000001112405c0:   0000000000000001 0000000000000001
0x00000001112405d0:   00000001112405f0 00007f9841708db0
0x00000001112405e0:   00007f984155f540 000000009f9e4cd4
0x00000001112405f0:   000000000000a330 00007f9843016600
0x0000000111240600:   00007f9841708db0 00007f98416701b0
0x0000000111240610:   0000000111240660 000000010356d725
0x0000000111240620:   0000000000000027 00000027420fc800
0x0000000111240630:   000000011124067e 0000000111240ac8
0x0000000111240640:   0000000000000027 000000011124067e
0x0000000111240650:   00007f9841708db0 00007f98420fc9e8
0x0000000111240660:   0000000111240ab0 000000010356c570
0x0000000111240670:   0000000000000000 6f637fff00000001
0x0000000111240680:   636c657a61682f6d 2f6f696e2f747361
0x0000000111240690:   65534f4965646f4e 2e32246563697672
0x00000001112406a0:   0000007373616c63 000000011124087c
0x00000001112406b0:   0000000000000004 0000000111240877
0x00000001112406c0:   0000000000000009 0000000000000001
0x00000001112406d0:   0000000111240b00 00007fff8772d08d
0x00000001112406e0:   0000000000000000 0000000111240878
0x00000001112406f0:   0000000104352fcc 0000000000000001
0x0000000111240700:   0000000100000000 00007fff8772d08d
0x0000000111240710:   0000000000000000 5800000000000000
0x0000000111240720:   0000002004348822 0000000000000078
0x0000000111240730:   00007fff749676b8 00007fff8772d006
0x0000000111240740:   0000000100000000 000000017babadd0
0x0000000111240750:   0000000000000001 0000000111241130
0x0000000111240760:   0000000000000000 0000000000000000
0x0000000111240770:   00007f984150968c 0000000100000000
0x0000000111240780:   0000000000000001 0000000000000001
0x0000000111240790:   0000000000000000 0000000000000000
0x00000001112407a0:   0000000000000000 00000001420fc800 

Instructions: (pc=0x000000010356d0b7)
0x000000010356d097:   49 8b 7f 38 e8 9c 1a 00 00 4d 89 77 38 49 89 5f
0x000000010356d0a7:   40 4c 89 f0 48 85 c0 0f 84 16 05 00 00 48 89 c3
0x000000010356d0b7:   0f b6 43 0c 0f b6 4b 0d 48 c1 e1 08 48 01 c1 0f
0x000000010356d0c7:   b6 43 0e 0f b6 53 0f 48 c1 e2 08 48 01 c2 48 c1 

Register to memory mapping:

RAX=0x00007f9841708db0 is an unknown value
RBX=0x000000010fee1335 is an unknown value
RCX=0x0000000000000001 is an unknown value
RDX=0x0000000000000508 is an unknown value
RSP=0x00000001112405b0 is pointing into the stack for thread: 0x00007f98420fc800
RBP=0x0000000111240610 is pointing into the stack for thread: 0x00007f98420fc800
RSI=0x00007f9841500000 is an unknown value
RDI=0x00000001033fae00 is an unknown value
R8 =0x0000000000000004 is an unknown value
R9 =0x00000000fe000000 is an unknown value
R10=0x0000000011f94dab is an unknown value
R11=0x00007f9841500000 is an unknown value
R12=0x000000000000a330 is an unknown value
R13=0x00007f9843016600 is an unknown value
R14=0x00007f9841708db0 is an unknown value
R15=0x00007f98416701b0 is an unknown value


Stack: [0x0000000111143000,0x0000000111243000],  sp=0x00000001112405b0,  free space=1013k
Native frames: (J=compiled Java code, j=interpreted, Vv=VM code, C=native code)
C  [libzip.dylib+0x30b7]  newEntry+0x154
C  [libzip.dylib+0x3725]  ZIP_GetEntry+0xa2
C  [libzip.dylib+0x2570]  Java_java_util_zip_ZipFile_getEntry+0xdd
J  java.util.zip.ZipFile.getEntry(J[BZ)J

Java frames: (J=compiled Java code, j=interpreted, Vv=VM code)
J  java.util.zip.ZipFile.getEntry(J[BZ)J
J  sun.misc.URLClassPath$JarLoader.getResource(Ljava/lang/String;Z)Lsun/misc/Resource;
J  sun.misc.URLClassPath.getResource(Ljava/lang/String;Z)Lsun/misc/Resource;
j  java.net.URLClassLoader$1.run()Ljava/lang/Class;+26
j  java.net.URLClassLoader$1.run()Ljava/lang/Object;+1
v  ~StubRoutines::call_stub
j  java.security.AccessController.doPrivileged(Ljava/security/PrivilegedExceptionAction;Ljava/security/AccessControlContext;)Ljava/lang/Object;+0
j  java.net.URLClassLoader.findClass(Ljava/lang/String;)Ljava/lang/Class;+13
j  java.lang.ClassLoader.loadClass(Ljava/lang/String;Z)Ljava/lang/Class;+70
j  sun.misc.Launcher$AppClassLoader.loadClass(Ljava/lang/String;Z)Ljava/lang/Class;+36
j  java.lang.ClassLoader.loadClass(Ljava/lang/String;)Ljava/lang/Class;+3
v  ~StubRoutines::call_stub
j  com.hazelcast.nio.NodeIOService.removeEndpoint(Lcom/hazelcast/nio/Address;)V+9
j  com.hazelcast.nio.tcp.TcpIpConnectionMonitor.onError(Ljava/lang/Throwable;)V+132
j  com.hazelcast.nio.tcp.TcpIpConnectionManager.failedConnection(Lcom/hazelcast/nio/Address;Ljava/lang/Throwable;Z)V+32
j  com.hazelcast.nio.tcp.SocketConnector.run()V+244
j  com.hazelcast.util.executor.CachedExecutorServiceDelegate$Worker.run()V+25
j  java.util.concurrent.ThreadPoolExecutor.runWorker(Ljava/util/concurrent/ThreadPoolExecutor$Worker;)V+95
j  java.util.concurrent.ThreadPoolExecutor$Worker.run()V+5
j  java.lang.Thread.run()V+11
j  com.hazelcast.util.executor.HazelcastManagedThread.executeRun()V+1
j  com.hazelcast.util.executor.HazelcastManagedThread.run()V+5
v  ~StubRoutines::call_stub

---------------  P R O C E S S  ---------------

Java Threads: ( => current thread )
  0x00007f984180c000 JavaThread "DestroyJavaVM" [_thread_blocked, id=3847, stack(0x0000000104854000,0x0000000104954000)]
  0x00007f984307d000 JavaThread "hz._hzInstance_1_dev.HealthMonitor" daemon [_thread_blocked, id=34819, stack(0x000000011217d000,0x000000011227d000)]
  0x00007f98422f0800 JavaThread "hz._hzInstance_1_dev.cached.thread-4" [_thread_blocked, id=32519, stack(0x000000010e156000,0x000000010e256000)]
  0x00007f984303a800 JavaThread "hz._hzInstance_1_dev.cached.thread-2" [_thread_blocked, id=33027, stack(0x0000000111c6e000,0x0000000111d6e000)]
  0x00007f9843039800 JavaThread "hz._hzInstance_1_dev.MulticastThread" [_thread_in_native, id=32003, stack(0x0000000111a5e000,0x0000000111b5e000)]
  0x00007f9841840000 JavaThread "hz._hzInstance_1_dev.IO.thread-Acceptor" [_thread_in_native, id=31491, stack(0x000000011195b000,0x0000000111a5b000)]
  0x00007f984183f000 JavaThread "hz._hzInstance_1_dev.IO.thread-out-2" [_thread_in_native, id=30979, stack(0x0000000111858000,0x0000000111958000)]
  0x00007f984190e000 JavaThread "hz._hzInstance_1_dev.IO.thread-in-2" [_thread_in_native, id=30467, stack(0x0000000111755000,0x0000000111855000)]
  0x00007f98429e0000 JavaThread "hz._hzInstance_1_dev.IO.thread-out-1" [_thread_in_native, id=29955, stack(0x0000000111652000,0x0000000111752000)]
  0x00007f9841877000 JavaThread "hz._hzInstance_1_dev.IO.thread-in-1" [_thread_in_native, id=29443, stack(0x000000011154f000,0x000000011164f000)]
  0x00007f9843036800 JavaThread "hz._hzInstance_1_dev.IO.thread-out-0" [_thread_in_native, id=28931, stack(0x000000011144c000,0x000000011154c000)]
  0x00007f984296a800 JavaThread "hz._hzInstance_1_dev.IO.thread-in-0" [_thread_in_native, id=28419, stack(0x0000000111349000,0x0000000111449000)]
  0x00007f98418e1800 JavaThread "hz._hzInstance_1_dev.migration" [_thread_blocked, id=28167, stack(0x0000000111246000,0x0000000111346000)]
=>0x00007f98420fc800 JavaThread "hz._hzInstance_1_dev.cached.thread-1" [_thread_in_native, id=26371, stack(0x0000000111143000,0x0000000111243000)]
  0x00007f9841869800 JavaThread "hz._hzInstance_1_dev.wait-notify" [_thread_blocked, id=25859, stack(0x0000000111040000,0x0000000111140000)]
  0x00007f9843083800 JavaThread "hz._hzInstance_1_dev.event-5" [_thread_blocked, id=25347, stack(0x0000000110f3d000,0x000000011103d000)]
  0x00007f98420fc000 JavaThread "hz._hzInstance_1_dev.event-4" [_thread_blocked, id=24835, stack(0x0000000110e3a000,0x0000000110f3a000)]
  0x00007f9843004800 JavaThread "hz._hzInstance_1_dev.event-3" [_thread_blocked, id=24323, stack(0x0000000110d37000,0x0000000110e37000)]
  0x00007f9842937000 JavaThread "hz._hzInstance_1_dev.event-2" [_thread_blocked, id=23811, stack(0x0000000110c34000,0x0000000110d34000)]
  0x00007f984208a800 JavaThread "hz._hzInstance_1_dev.event-1" [_thread_blocked, id=23299, stack(0x0000000110b31000,0x0000000110c31000)]
  0x00007f9841891800 JavaThread "hz._hzInstance_1_dev.CleanupThread" [_thread_blocked, id=22787, stack(0x0000000110a2e000,0x0000000110b2e000)]
  0x00007f984208b000 JavaThread "hz._hzInstance_1_dev.response" [_thread_blocked, id=22275, stack(0x000000011092b000,0x0000000110a2b000)]
  0x00007f98420c1000 JavaThread "hz._hzInstance_1_dev.partition-operation.thread-3" [_thread_blocked, id=21763, stack(0x0000000110828000,0x0000000110928000)]
  0x00007f9842936000 JavaThread "hz._hzInstance_1_dev.partition-operation.thread-2" [_thread_blocked, id=21251, stack(0x0000000110725000,0x0000000110825000)]
  0x00007f9842935800 JavaThread "hz._hzInstance_1_dev.partition-operation.thread-1" [_thread_blocked, id=20739, stack(0x0000000110622000,0x0000000110722000)]
  0x00007f9843077000 JavaThread "hz._hzInstance_1_dev.partition-operation.thread-0" [_thread_blocked, id=20227, stack(0x000000011051f000,0x000000011061f000)]
  0x00007f9842934800 JavaThread "hz._hzInstance_1_dev.generic-operation.thread-1" [_thread_blocked, id=19715, stack(0x000000011041c000,0x000000011051c000)]
  0x00007f98428e9800 JavaThread "hz._hzInstance_1_dev.generic-operation.thread-0" [_thread_blocked, id=19203, stack(0x0000000110319000,0x0000000110419000)]
  0x00007f984290a000 JavaThread "hz._hzInstance_1_dev.scheduled" [_thread_blocked, id=18691, stack(0x0000000110216000,0x0000000110316000)]
  0x00007f9842002800 JavaThread "Service Thread" daemon [_thread_blocked, id=17667, stack(0x000000010fc5e000,0x000000010fd5e000)]
  0x00007f984283d000 JavaThread "C2 CompilerThread1" daemon [_thread_blocked, id=17155, stack(0x000000010fb5b000,0x000000010fc5b000)]
  0x00007f984202c800 JavaThread "C2 CompilerThread0" daemon [_thread_blocked, id=16643, stack(0x000000010fa58000,0x000000010fb58000)]
  0x00007f9843003800 JavaThread "Signal Dispatcher" daemon [_thread_blocked, id=13583, stack(0x000000010f955000,0x000000010fa55000)]
  0x00007f9841839000 JavaThread "Finalizer" daemon [_thread_blocked, id=11523, stack(0x000000010e025000,0x000000010e125000)]
  0x00007f9841836000 JavaThread "Reference Handler" daemon [_thread_blocked, id=11011, stack(0x000000010df22000,0x000000010e022000)]

Other Threads:
  0x00007f9841835800 VMThread [stack: 0x000000010de1f000,0x000000010df1f000] [id=10499]
  0x00007f9842015800 WatcherThread [stack: 0x000000010fd61000,0x000000010fe61000] [id=18179]

VM state:not at safepoint (normal execution)

VM Mutex/Monitor currently owned by a thread: None

Heap
 PSYoungGen      total 38912K, used 9689K [0x00000007d5500000, 0x00000007d8000000, 0x0000000800000000)
  eden space 33792K, 17% used [0x00000007d5500000,0x00000007d5adc238,0x00000007d7600000)
  from space 5120K, 72% used [0x00000007d7b00000,0x00000007d7e9a4b8,0x00000007d8000000)
  to   space 5120K, 0% used [0x00000007d7600000,0x00000007d7600000,0x00000007d7b00000)
 ParOldGen       total 87040K, used 1144K [0x0000000780000000, 0x0000000785500000, 0x00000007d5500000)
  object space 87040K, 1% used [0x0000000780000000,0x000000078011e350,0x0000000785500000)
 PSPermGen       total 21504K, used 13049K [0x000000077ae00000, 0x000000077c300000, 0x0000000780000000)
  object space 21504K, 60% used [0x000000077ae00000,0x000000077babe6a8,0x000000077c300000)

Card table byte_map: [0x0000000107a16000,0x0000000107e40000] byte_map_base: 0x0000000103e3f000

Polling page: 0x0000000103560000

Code Cache  [0x0000000104956000, 0x0000000104bc6000, 0x0000000107956000)
 total_blobs=459 nmethods=168 adapters=245 free_code_cache=48394Kb largest_free_block=49524928

Compilation events (10 events):
Event: 55.092 Thread 0x00007f984202c800  164             java.util.concurrent.locks.ReentrantLock$NonfairSync::lock (25 bytes)
Event: 55.094 Thread 0x00007f984202c800 nmethod 164 0x0000000104a14510 code [0x0000000104a14680, 0x0000000104a147e8]
Event: 60.641 Thread 0x00007f984283d000  165             java.util.concurrent.ConcurrentLinkedQueue::poll (85 bytes)
Event: 60.646 Thread 0x00007f984283d000 nmethod 165 0x0000000104a0f8d0 code [0x0000000104a0fa20, 0x0000000104a0fbd8]
Event: 68.531 Thread 0x00007f984202c800  166             java.nio.Buffer::position (5 bytes)
Event: 68.531 Thread 0x00007f984202c800 nmethod 166 0x0000000104a14310 code [0x0000000104a14440, 0x0000000104a14498]
Event: 73.840 Thread 0x00007f984283d000  167             java.util.regex.Matcher::reset (83 bytes)
Event: 73.843 Thread 0x00007f984283d000 nmethod 167 0x0000000104a16ed0 code [0x0000000104a17020, 0x0000000104a17198]
Event: 74.843 Thread 0x00007f984202c800  168             java.nio.Buffer::position (43 bytes)
Event: 74.844 Thread 0x00007f984202c800 nmethod 168 0x0000000104a0f690 code [0x0000000104a0f7c0, 0x0000000104a0f858]

GC Heap History (4 events):
Event: 1.505 GC heap before
{Heap before GC invocations=1 (full 0):
 PSYoungGen      total 38912K, used 33792K [0x00000007d5500000, 0x00000007d8000000, 0x0000000800000000)
  eden space 33792K, 100% used [0x00000007d5500000,0x00000007d7600000,0x00000007d7600000)
  from space 5120K, 0% used [0x00000007d7b00000,0x00000007d7b00000,0x00000007d8000000)
  to   space 5120K, 0% used [0x00000007d7600000,0x00000007d7600000,0x00000007d7b00000)
 ParOldGen       total 87040K, used 0K [0x0000000780000000, 0x0000000785500000, 0x00000007d5500000)
  object space 87040K, 0% used [0x0000000780000000,0x0000000780000000,0x0000000785500000)
 PSPermGen       total 21504K, used 11381K [0x000000077ae00000, 0x000000077c300000, 0x0000000780000000)
  object space 21504K, 52% used [0x000000077ae00000,0x000000077b91d610,0x000000077c300000)
Event: 1.516 GC heap after
Heap after GC invocations=1 (full 0):
 PSYoungGen      total 38912K, used 5113K [0x00000007d5500000, 0x00000007d8000000, 0x0000000800000000)
  eden space 33792K, 0% used [0x00000007d5500000,0x00000007d5500000,0x00000007d7600000)
  from space 5120K, 99% used [0x00000007d7600000,0x00000007d7afe680,0x00000007d7b00000)
  to   space 5120K, 0% used [0x00000007d7b00000,0x00000007d7b00000,0x00000007d8000000)
 ParOldGen       total 87040K, used 1144K [0x0000000780000000, 0x0000000785500000, 0x00000007d5500000)
  object space 87040K, 1% used [0x0000000780000000,0x000000078011e350,0x0000000785500000)
 PSPermGen       total 21504K, used 11381K [0x000000077ae00000, 0x000000077c300000, 0x0000000780000000)
  object space 21504K, 52% used [0x000000077ae00000,0x000000077b91d610,0x000000077c300000)
}
Event: 14.875 GC heap before
{Heap before GC invocations=2 (full 0):
 PSYoungGen      total 38912K, used 38905K [0x00000007d5500000, 0x00000007d8000000, 0x0000000800000000)
  eden space 33792K, 100% used [0x00000007d5500000,0x00000007d7600000,0x00000007d7600000)
  from space 5120K, 99% used [0x00000007d7600000,0x00000007d7afe680,0x00000007d7b00000)
  to   space 5120K, 0% used [0x00000007d7b00000,0x00000007d7b00000,0x00000007d8000000)
 ParOldGen       total 87040K, used 1144K [0x0000000780000000, 0x0000000785500000, 0x00000007d5500000)
  object space 87040K, 1% used [0x0000000780000000,0x000000078011e350,0x0000000785500000)
 PSPermGen       total 21504K, used 12973K [0x000000077ae00000, 0x000000077c300000, 0x0000000780000000)
  object space 21504K, 60% used [0x000000077ae00000,0x000000077baab6d8,0x000000077c300000)
Event: 14.888 GC heap after
Heap after GC invocations=2 (full 0):
 PSYoungGen      total 38912K, used 3689K [0x00000007d5500000, 0x00000007d8000000, 0x0000000800000000)
  eden space 33792K, 0% used [0x00000007d5500000,0x00000007d5500000,0x00000007d7600000)
  from space 5120K, 72% used [0x00000007d7b00000,0x00000007d7e9a4b8,0x00000007d8000000)
  to   space 5120K, 0% used [0x00000007d7600000,0x00000007d7600000,0x00000007d7b00000)
 ParOldGen       total 87040K, used 1144K [0x0000000780000000, 0x0000000785500000, 0x00000007d5500000)
  object space 87040K, 1% used [0x0000000780000000,0x000000078011e350,0x0000000785500000)
 PSPermGen       total 21504K, used 12973K [0x000000077ae00000, 0x000000077c300000, 0x0000000780000000)
  object space 21504K, 60% used [0x000000077ae00000,0x000000077baab6d8,0x000000077c300000)
}

Deoptimization events (9 events):
Event: 0.175 Thread 0x00007f984180c000 Uncommon trap: reason=class_check action=maybe_recompile pc=0x00000001049b9ac4 method=java.util.Properties$LineReader.readLine()I @ 62
Event: 0.175 Thread 0x00007f984180c000 Uncommon trap: reason=class_check action=maybe_recompile pc=0x00000001049b9ac4 method=java.util.Properties$LineReader.readLine()I @ 62
Event: 0.565 Thread 0x00007f98420fc800 Uncommon trap: reason=class_check action=maybe_recompile pc=0x00000001049b9ac4 method=java.util.Properties$LineReader.readLine()I @ 62
Event: 0.565 Thread 0x00007f98420fc800 Uncommon trap: reason=class_check action=maybe_recompile pc=0x00000001049b9ac4 method=java.util.Properties$LineReader.readLine()I @ 62
Event: 0.748 Thread 0x00007f98420fc800 Uncommon trap: reason=unreached action=reinterpret pc=0x00000001049dba40 method=sun.misc.URLClassPath$JarLoader.ensureOpen()V @ 4
Event: 14.829 Thread 0x00007f984180c000 Uncommon trap: reason=null_check action=make_not_entrant pc=0x00000001049ecdb8 method=java.util.LinkedHashMap.get(Ljava/lang/Object;)Ljava/lang/Object; @ 5
Event: 14.829 Thread 0x00007f984180c000 Uncommon trap: reason=class_check action=maybe_recompile pc=0x00000001049ef860 method=java.util.LinkedHashMap$Entry.recordAccess(Ljava/util/HashMap;)V @ 1
Event: 15.650 Thread 0x00007f9843077000 Uncommon trap: reason=unreached action=reinterpret pc=0x00000001049f8af4 method=java.util.concurrent.ConcurrentHashMap$HashIterator.advance()V @ 30
Event: 34.727 Thread 0x00007f98420fc800 Uncommon trap: reason=unreached action=reinterpret pc=0x00000001049e005c method=java.util.concurrent.SynchronousQueue$TransferStack.shouldSpin(Ljava/util/concurrent/SynchronousQueue$TransferStack$SNode;)Z @ 7

Internal exceptions (10 events):
Event: 72.651 Thread 0x00007f984296a800 Threw 0x00000007d5808a60 at /HUDSON/workspace/7u-2-build-macosx-x86_64/jdk7u51/527/hotspot/src/share/vm/prims/jvm.cpp:1244
Event: 72.668 Thread 0x00007f9843039800 Threw 0x00000007d5759418 at /HUDSON/workspace/7u-2-build-macosx-x86_64/jdk7u51/527/hotspot/src/share/vm/prims/jni.cpp:743
Event: 72.835 Thread 0x00007f984303a800 Threw 0x00000007d5a2dee0 at /HUDSON/workspace/7u-2-build-macosx-x86_64/jdk7u51/527/hotspot/src/share/vm/prims/jni.cpp:717
Event: 73.669 Thread 0x00007f9843039800 Threw 0x00000007d5759590 at /HUDSON/workspace/7u-2-build-macosx-x86_64/jdk7u51/527/hotspot/src/share/vm/prims/jni.cpp:743
Event: 73.839 Thread 0x00007f98420fc800 Threw 0x00000007d5a82300 at /HUDSON/workspace/7u-2-build-macosx-x86_64/jdk7u51/527/hotspot/src/share/vm/prims/jni.cpp:717
Event: 73.839 Thread 0x00007f98422f0800 Threw 0x00000007d59cffb8 at /HUDSON/workspace/7u-2-build-macosx-x86_64/jdk7u51/527/hotspot/src/share/vm/prims/jni.cpp:717
Event: 74.675 Thread 0x00007f9843039800 Threw 0x00000007d5759708 at /HUDSON/workspace/7u-2-build-macosx-x86_64/jdk7u51/527/hotspot/src/share/vm/prims/jni.cpp:743
Event: 74.842 Thread 0x00007f98420fc800 Threw 0x00000007d5aa6e48 at /HUDSON/workspace/7u-2-build-macosx-x86_64/jdk7u51/527/hotspot/src/share/vm/prims/jni.cpp:717
Event: 74.843 Thread 0x00007f984303a800 Threw 0x00000007d5a377b8 at /HUDSON/workspace/7u-2-build-macosx-x86_64/jdk7u51/527/hotspot/src/share/vm/prims/jni.cpp:717
Event: 74.845 Thread 0x00007f98420fc800 Threw 0x00000007d5ab0d50 at /HUDSON/workspace/7u-2-build-macosx-x86_64/jdk7u51/527/hotspot/src/share/vm/prims/jvm.cpp:1244

Events (10 events):
Event: 72.651 loading class 0x00007f98415490e0 done
Event: 73.550 Thread 0x00007f9842939800 Thread exited: 0x00007f9842939800
Event: 73.562 Thread 0x00007f984281d000 Thread exited: 0x00007f984281d000
Event: 73.562 Thread 0x00007f984183a000 Thread exited: 0x00007f984183a000
Event: 73.566 Thread 0x00007f98420b9000 Thread exited: 0x00007f98420b9000
Event: 73.843 Executing VM operation: RevokeBias
Event: 73.843 Executing VM operation: RevokeBias done
Event: 74.067 Thread 0x00007f98429e2800 Thread exited: 0x00007f98429e2800
Event: 74.845 loading class 0x00007f98415488e0
Event: 74.845 loading class 0x00007f98415488e0 done


Dynamic libraries:
0x000000000430e000 	/System/Library/Frameworks/Cocoa.framework/Versions/A/Cocoa
0x000000000430e000 	/System/Library/Frameworks/Security.framework/Versions/A/Security
0x000000000430e000 	/System/Library/Frameworks/ApplicationServices.framework/Versions/A/ApplicationServices
0x000000000430e000 	/usr/lib/libz.1.dylib
0x000000000430e000 	/usr/lib/libSystem.B.dylib
0x000000000430e000 	/usr/lib/libobjc.A.dylib
0x000000000430e000 	/System/Library/Frameworks/CoreFoundation.framework/Versions/A/CoreFoundation
0x000000000430e000 	/System/Library/Frameworks/Foundation.framework/Versions/C/Foundation
0x000000000430e000 	/System/Library/Frameworks/AppKit.framework/Versions/C/AppKit
0x000000000430e000 	/System/Library/Frameworks/CoreData.framework/Versions/A/CoreData
0x000000000430e000 	/System/Library/PrivateFrameworks/RemoteViewServices.framework/Versions/A/RemoteViewServices
0x000000000430e000 	/System/Library/PrivateFrameworks/UIFoundation.framework/Versions/A/UIFoundation
0x000000000430e000 	/System/Library/Frameworks/IOSurface.framework/Versions/A/IOSurface
0x000000000430e000 	/System/Library/Frameworks/AudioToolbox.framework/Versions/A/AudioToolbox
0x000000000430e000 	/System/Library/Frameworks/AudioUnit.framework/Versions/A/AudioUnit
0x000000000430e000 	/System/Library/PrivateFrameworks/DataDetectorsCore.framework/Versions/A/DataDetectorsCore
0x000000000430e000 	/System/Library/PrivateFrameworks/DesktopServicesPriv.framework/Versions/A/DesktopServicesPriv
0x000000000430e000 	/System/Library/Frameworks/Carbon.framework/Versions/A/Frameworks/HIToolbox.framework/Versions/A/HIToolbox
0x000000000430e000 	/System/Library/Frameworks/QuartzCore.framework/Versions/A/QuartzCore
0x000000000430e000 	/System/Library/Frameworks/Carbon.framework/Versions/A/Frameworks/SpeechRecognition.framework/Versions/A/SpeechRecognition
0x000000000430e000 	/usr/lib/libauto.dylib
0x000000000430e000 	/usr/lib/libicucore.A.dylib
0x000000000430e000 	/usr/lib/libxml2.2.dylib
0x000000000430e000 	/System/Library/PrivateFrameworks/CoreUI.framework/Versions/A/CoreUI
0x000000000430e000 	/System/Library/Frameworks/CoreAudio.framework/Versions/A/CoreAudio
0x000000000430e000 	/System/Library/Frameworks/DiskArbitration.framework/Versions/A/DiskArbitration
0x000000000430e000 	/usr/lib/liblangid.dylib
0x000000000430e000 	/System/Library/PrivateFrameworks/MultitouchSupport.framework/Versions/A/MultitouchSupport
0x000000000430e000 	/System/Library/Frameworks/IOKit.framework/Versions/A/IOKit
0x000000000430e000 	/usr/lib/libDiagnosticMessagesClient.dylib
0x000000000430e000 	/System/Library/Frameworks/CoreServices.framework/Versions/A/CoreServices
0x000000000430e000 	/System/Library/PrivateFrameworks/PerformanceAnalysis.framework/Versions/A/PerformanceAnalysis
0x000000000430e000 	/System/Library/PrivateFrameworks/GenerationalStorage.framework/Versions/A/GenerationalStorage
0x000000000430e000 	/System/Library/Frameworks/OpenGL.framework/Versions/A/OpenGL
0x000000000430e000 	/System/Library/PrivateFrameworks/Sharing.framework/Versions/A/Sharing
0x000000000430e000 	/System/Library/Frameworks/CoreGraphics.framework/Versions/A/CoreGraphics
0x000000000430e000 	/System/Library/Frameworks/CoreText.framework/Versions/A/CoreText
0x000000000430e000 	/System/Library/Frameworks/ImageIO.framework/Versions/A/ImageIO
0x000000000430e000 	/usr/lib/libextension.dylib
0x000000000430e000 	/System/Library/PrivateFrameworks/Backup.framework/Versions/A/Backup
0x000000000430e000 	/usr/lib/libarchive.2.dylib
0x000000000430e000 	/System/Library/Frameworks/CFNetwork.framework/Versions/A/CFNetwork
0x000000000430e000 	/System/Library/Frameworks/SystemConfiguration.framework/Versions/A/SystemConfiguration
0x000000000430e000 	/usr/lib/libCRFSuite.dylib
0x000000000430e000 	/usr/lib/libc++.1.dylib
0x000000000430e000 	/usr/lib/libc++abi.dylib
0x000000000430e000 	/usr/lib/system/libcache.dylib
0x000000000430e000 	/usr/lib/system/libcommonCrypto.dylib
0x000000000430e000 	/usr/lib/system/libcompiler_rt.dylib
0x000000000430e000 	/usr/lib/system/libcopyfile.dylib
0x000000000430e000 	/usr/lib/system/libcorecrypto.dylib
0x000000000430e000 	/usr/lib/system/libdispatch.dylib
0x000000000430e000 	/usr/lib/system/libdyld.dylib
0x000000000430e000 	/usr/lib/system/libkeymgr.dylib
0x000000000430e000 	/usr/lib/system/liblaunch.dylib
0x000000000430e000 	/usr/lib/system/libmacho.dylib
0x000000000430e000 	/usr/lib/system/libquarantine.dylib
0x000000000430e000 	/usr/lib/system/libremovefile.dylib
0x000000000430e000 	/usr/lib/system/libsystem_asl.dylib
0x000000000430e000 	/usr/lib/system/libsystem_blocks.dylib
0x000000000430e000 	/usr/lib/system/libsystem_c.dylib
0x000000000430e000 	/usr/lib/system/libsystem_configuration.dylib
0x000000000430e000 	/usr/lib/system/libsystem_coreservices.dylib
0x000000000430e000 	/usr/lib/system/libsystem_coretls.dylib
0x000000000430e000 	/usr/lib/system/libsystem_dnssd.dylib
0x000000000430e000 	/usr/lib/system/libsystem_info.dylib
0x000000000430e000 	/usr/lib/system/libsystem_kernel.dylib
0x000000000430e000 	/usr/lib/system/libsystem_m.dylib
0x000000000430e000 	/usr/lib/system/libsystem_malloc.dylib
0x000000000430e000 	/usr/lib/system/libsystem_network.dylib
0x000000000430e000 	/usr/lib/system/libsystem_networkextension.dylib
0x000000000430e000 	/usr/lib/system/libsystem_notify.dylib
0x000000000430e000 	/usr/lib/system/libsystem_platform.dylib
0x000000000430e000 	/usr/lib/system/libsystem_pthread.dylib
0x000000000430e000 	/usr/lib/system/libsystem_sandbox.dylib
0x000000000430e000 	/usr/lib/system/libsystem_secinit.dylib
0x000000000430e000 	/usr/lib/system/libsystem_stats.dylib
0x000000000430e000 	/usr/lib/system/libsystem_trace.dylib
0x000000000430e000 	/usr/lib/system/libunc.dylib
0x000000000430e000 	/usr/lib/system/libunwind.dylib
0x000000000430e000 	/usr/lib/system/libxpc.dylib
0x000000000430e000 	/usr/lib/libbz2.1.0.dylib
0x000000000430e000 	/usr/lib/liblzma.5.dylib
0x000000000430e000 	/usr/lib/libbsm.0.dylib
0x000000000430e000 	/usr/lib/libsqlite3.dylib
0x000000000430e000 	/usr/lib/system/libkxld.dylib
0x000000000430e000 	/usr/lib/libxar.1.dylib
0x000000000430e000 	/usr/lib/libpam.2.dylib
0x000000000430e000 	/usr/lib/libOpenScriptingUtil.dylib
0x000000000430e000 	/System/Library/Frameworks/CoreServices.framework/Versions/A/Frameworks/FSEvents.framework/Versions/A/FSEvents
0x000000000430e000 	/System/Library/Frameworks/CoreServices.framework/Versions/A/Frameworks/CarbonCore.framework/Versions/A/CarbonCore
0x000000000430e000 	/System/Library/Frameworks/CoreServices.framework/Versions/A/Frameworks/Metadata.framework/Versions/A/Metadata
0x000000000430e000 	/System/Library/Frameworks/CoreServices.framework/Versions/A/Frameworks/OSServices.framework/Versions/A/OSServices
0x000000000430e000 	/System/Library/Frameworks/CoreServices.framework/Versions/A/Frameworks/SearchKit.framework/Versions/A/SearchKit
0x000000000430e000 	/System/Library/Frameworks/CoreServices.framework/Versions/A/Frameworks/AE.framework/Versions/A/AE
0x000000000430e000 	/System/Library/Frameworks/CoreServices.framework/Versions/A/Frameworks/LaunchServices.framework/Versions/A/LaunchServices
0x000000000430e000 	/System/Library/Frameworks/CoreServices.framework/Versions/A/Frameworks/DictionaryServices.framework/Versions/A/DictionaryServices
0x000000000430e000 	/System/Library/Frameworks/NetFS.framework/Versions/A/NetFS
0x000000000430e000 	/System/Library/PrivateFrameworks/NetAuth.framework/Versions/A/NetAuth
0x000000000430e000 	/System/Library/PrivateFrameworks/login.framework/Versions/A/Frameworks/loginsupport.framework/Versions/A/loginsupport
0x000000000430e000 	/System/Library/PrivateFrameworks/TCC.framework/Versions/A/TCC
0x000000000430e000 	/usr/lib/libmecabra.dylib
0x000000000430e000 	/System/Library/PrivateFrameworks/LanguageModeling.framework/Versions/A/LanguageModeling
0x000000000430e000 	/usr/lib/libcmph.dylib
0x000000000430e000 	/usr/lib/libiconv.2.dylib
0x000000000430e000 	/System/Library/Frameworks/OpenDirectory.framework/Versions/A/Frameworks/CFOpenDirectory.framework/Versions/A/CFOpenDirectory
0x000000000430e000 	/System/Library/Frameworks/ServiceManagement.framework/Versions/A/ServiceManagement
0x000000000430e000 	/usr/lib/libxslt.1.dylib
0x000000000430e000 	/System/Library/Frameworks/Carbon.framework/Versions/A/Frameworks/Ink.framework/Versions/A/Ink
0x000000000430e000 	/System/Library/Frameworks/ApplicationServices.framework/Versions/A/Frameworks/ATS.framework/Versions/A/ATS
0x000000000430e000 	/System/Library/Frameworks/ApplicationServices.framework/Versions/A/Frameworks/ColorSync.framework/Versions/A/ColorSync
0x000000000430e000 	/System/Library/Frameworks/ApplicationServices.framework/Versions/A/Frameworks/HIServices.framework/Versions/A/HIServices
0x000000000430e000 	/System/Library/Frameworks/ApplicationServices.framework/Versions/A/Frameworks/LangAnalysis.framework/Versions/A/LangAnalysis
0x000000000430e000 	/System/Library/Frameworks/ApplicationServices.framework/Versions/A/Frameworks/PrintCore.framework/Versions/A/PrintCore
0x000000000430e000 	/System/Library/Frameworks/ApplicationServices.framework/Versions/A/Frameworks/QD.framework/Versions/A/QD
0x000000000430e000 	/System/Library/Frameworks/ApplicationServices.framework/Versions/A/Frameworks/SpeechSynthesis.framework/Versions/A/SpeechSynthesis
0x000000000430e000 	/System/Library/Frameworks/Accelerate.framework/Versions/A/Accelerate
0x000000000430e000 	/System/Library/Frameworks/Accelerate.framework/Versions/A/Frameworks/vImage.framework/Versions/A/vImage
0x000000000430e000 	/System/Library/Frameworks/Accelerate.framework/Versions/A/Frameworks/vecLib.framework/Versions/A/vecLib
0x000000000430e000 	/System/Library/Frameworks/Accelerate.framework/Versions/A/Frameworks/vecLib.framework/Versions/A/libvDSP.dylib
0x000000000430e000 	/System/Library/Frameworks/Accelerate.framework/Versions/A/Frameworks/vecLib.framework/Versions/A/libvMisc.dylib
0x000000000430e000 	/System/Library/Frameworks/Accelerate.framework/Versions/A/Frameworks/vecLib.framework/Versions/A/libLAPACK.dylib
0x000000000430e000 	/System/Library/Frameworks/Accelerate.framework/Versions/A/Frameworks/vecLib.framework/Versions/A/libBLAS.dylib
0x000000000430e000 	/System/Library/Frameworks/Accelerate.framework/Versions/A/Frameworks/vecLib.framework/Versions/A/libLinearAlgebra.dylib
0x000000000430e000 	/System/Library/Frameworks/ApplicationServices.framework/Versions/A/Frameworks/ATS.framework/Versions/A/Resources/libFontParser.dylib
0x000000000430e000 	/System/Library/Frameworks/ApplicationServices.framework/Versions/A/Frameworks/ATS.framework/Versions/A/Resources/libFontRegistry.dylib
0x000000000430e000 	/System/Library/PrivateFrameworks/AppleVPA.framework/Versions/A/AppleVPA
0x000000000430e000 	/System/Library/PrivateFrameworks/AppleJPEG.framework/Versions/A/AppleJPEG
0x000000000430e000 	/System/Library/Frameworks/ImageIO.framework/Versions/A/Resources/libJPEG.dylib
0x000000000430e000 	/System/Library/Frameworks/ImageIO.framework/Versions/A/Resources/libTIFF.dylib
0x000000000430e000 	/System/Library/Frameworks/ImageIO.framework/Versions/A/Resources/libPng.dylib
0x000000000430e000 	/System/Library/Frameworks/ImageIO.framework/Versions/A/Resources/libGIF.dylib
0x000000000430e000 	/System/Library/Frameworks/ImageIO.framework/Versions/A/Resources/libJP2.dylib
0x000000000430e000 	/System/Library/Frameworks/ImageIO.framework/Versions/A/Resources/libRadiance.dylib
0x000000000430e000 	/System/Library/Frameworks/CoreVideo.framework/Versions/A/CoreVideo
0x000000000430e000 	/System/Library/Frameworks/OpenGL.framework/Versions/A/Libraries/libGLU.dylib
0x000000000430e000 	/System/Library/Frameworks/OpenGL.framework/Versions/A/Libraries/libGFXShared.dylib
0x000000000430e000 	/System/Library/Frameworks/OpenGL.framework/Versions/A/Libraries/libGL.dylib
0x000000000430e000 	/System/Library/Frameworks/OpenGL.framework/Versions/A/Libraries/libGLImage.dylib
0x000000000430e000 	/System/Library/Frameworks/OpenGL.framework/Versions/A/Libraries/libCVMSPluginSupport.dylib
0x000000000430e000 	/System/Library/Frameworks/OpenGL.framework/Versions/A/Libraries/libCoreVMClient.dylib
0x000000000430e000 	/usr/lib/libcups.2.dylib
0x000000000430e000 	/System/Library/Frameworks/Kerberos.framework/Versions/A/Kerberos
0x000000000430e000 	/System/Library/Frameworks/GSS.framework/Versions/A/GSS
0x000000000430e000 	/usr/lib/libresolv.9.dylib
0x000000000430e000 	/System/Library/PrivateFrameworks/Heimdal.framework/Versions/A/Heimdal
0x000000000430e000 	/usr/lib/libheimdal-asn1.dylib
0x000000000430e000 	/System/Library/Frameworks/OpenDirectory.framework/Versions/A/OpenDirectory
0x000000000430e000 	/System/Library/PrivateFrameworks/CommonAuth.framework/Versions/A/CommonAuth
0x000000000430e000 	/System/Library/Frameworks/SecurityFoundation.framework/Versions/A/SecurityFoundation
0x000000000430e000 	/System/Library/Frameworks/QuartzCore.framework/Versions/A/Frameworks/CoreImage.framework/Versions/A/CoreImage
0x000000000430e000 	/System/Library/PrivateFrameworks/CrashReporterSupport.framework/Versions/A/CrashReporterSupport
0x000000000430e000 	/System/Library/Frameworks/OpenCL.framework/Versions/A/OpenCL
0x000000000430e000 	/System/Library/PrivateFrameworks/FaceCore.framework/Versions/A/FaceCore
0x000000000430e000 	/System/Library/PrivateFrameworks/Ubiquity.framework/Versions/A/Ubiquity
0x000000000430e000 	/System/Library/PrivateFrameworks/IconServices.framework/Versions/A/IconServices
0x000000000430e000 	/System/Library/PrivateFrameworks/ChunkingLibrary.framework/Versions/A/ChunkingLibrary
0x000000000430e000 	/System/Library/PrivateFrameworks/Apple80211.framework/Versions/A/Apple80211
0x000000000430e000 	/System/Library/Frameworks/CoreWLAN.framework/Versions/A/CoreWLAN
0x000000000430e000 	/System/Library/Frameworks/IOBluetooth.framework/Versions/A/IOBluetooth
0x000000000430e000 	/System/Library/PrivateFrameworks/CoreWiFi.framework/Versions/A/CoreWiFi
0x000000000430e000 	/System/Library/Frameworks/CoreBluetooth.framework/Versions/A/CoreBluetooth
0x000000000430e000 	/System/Library/PrivateFrameworks/DebugSymbols.framework/Versions/A/DebugSymbols
0x000000000430e000 	/System/Library/PrivateFrameworks/CoreSymbolication.framework/Versions/A/CoreSymbolication
0x000000000430e000 	/System/Library/PrivateFrameworks/Symbolication.framework/Versions/A/Symbolication
0x000000000430e000 	/System/Library/PrivateFrameworks/SpeechRecognitionCore.framework/Versions/A/SpeechRecognitionCore
0x0000000103e00000 	/Library/Java/JavaVirtualMachines/jdk1.7.0_51.jdk/Contents/Home/jre/lib/server/libjvm.dylib
0x000000000430e000 	/usr/lib/libstdc++.6.dylib
0x0000000103523000 	/Library/Java/JavaVirtualMachines/jdk1.7.0_51.jdk/Contents/Home/jre/lib/libverify.dylib
0x0000000103530000 	/Library/Java/JavaVirtualMachines/jdk1.7.0_51.jdk/Contents/Home/jre/lib/libjava.dylib
0x000000010356a000 	/Library/Java/JavaVirtualMachines/jdk1.7.0_51.jdk/Contents/Home/jre/lib/libzip.dylib
0x00000001035e6000 	/System/Library/Frameworks/JavaVM.framework/Frameworks/JavaRuntimeSupport.framework/JavaRuntimeSupport
0x000000010e127000 	/System/Library/Frameworks/JavaVM.framework/Versions/A/Frameworks/JavaNativeFoundation.framework/Versions/A/JavaNativeFoundation
0x000000010e13c000 	/System/Library/Frameworks/JavaVM.framework/Versions/A/JavaVM
0x000000000430e000 	/System/Library/Frameworks/Carbon.framework/Versions/A/Carbon
0x000000010e149000 	/System/Library/PrivateFrameworks/JavaLaunching.framework/Versions/A/JavaLaunching
0x000000000430e000 	/System/Library/Frameworks/Carbon.framework/Versions/A/Frameworks/CommonPanels.framework/Versions/A/CommonPanels
0x000000000430e000 	/System/Library/Frameworks/Carbon.framework/Versions/A/Frameworks/Help.framework/Versions/A/Help
0x000000000430e000 	/System/Library/Frameworks/Carbon.framework/Versions/A/Frameworks/ImageCapture.framework/Versions/A/ImageCapture
0x000000000430e000 	/System/Library/Frameworks/Carbon.framework/Versions/A/Frameworks/OpenScripting.framework/Versions/A/OpenScripting
0x000000000430e000 	/System/Library/Frameworks/Carbon.framework/Versions/A/Frameworks/Print.framework/Versions/A/Print
0x000000000430e000 	/System/Library/Frameworks/Carbon.framework/Versions/A/Frameworks/SecurityHI.framework/Versions/A/SecurityHI
0x000000010fef9000 	/Library/Java/JavaVirtualMachines/jdk1.7.0_51.jdk/Contents/Home/jre/lib/libnio.dylib
0x000000010ff08000 	/Library/Java/JavaVirtualMachines/jdk1.7.0_51.jdk/Contents/Home/jre/lib/./libnet.dylib
0x000000010e258000 	/Library/Java/JavaVirtualMachines/jdk1.7.0_51.jdk/Contents/Home/jre/lib/libmanagement.dylib

VM Arguments:
java_command: MultiNodeApp-0.0.1-SNAPSHOT-jar-with-dependencies.jar
Launcher Type: SUN_STANDARD

Environment Variables:
PATH=/usr/local/bin:/usr/bin:/bin:/usr/sbin:/sbin:/Applications/Android Studio.app/sdk/tools :/Applications/Android Studio.app/sdk/platform-tools:/usr/local/git/bin:/usr/texbin:/Applications/apache-maven-3.2.5/bin
SHELL=/bin/bash

Signal Handlers:
SIGSEGV: [libjvm.dylib+0x525425], sa_mask[0]=0xfffefeff, sa_flags=0x00000043
SIGBUS: [libjvm.dylib+0x525425], sa_mask[0]=0xfffefeff, sa_flags=0x00000042
SIGFPE: [libjvm.dylib+0x41892a], sa_mask[0]=0xfffefeff, sa_flags=0x00000042
SIGPIPE: [libjvm.dylib+0x41892a], sa_mask[0]=0xfffefeff, sa_flags=0x00000042
SIGXFSZ: [libjvm.dylib+0x41892a], sa_mask[0]=0xfffefeff, sa_flags=0x00000042
SIGILL: [libjvm.dylib+0x41892a], sa_mask[0]=0xfffefeff, sa_flags=0x00000042
SIGUSR1: SIG_DFL, sa_mask[0]=0x63807efb, sa_flags=0x00000000
SIGUSR2: [libjvm.dylib+0x41841c], sa_mask[0]=0x00000000, sa_flags=0x00000042
SIGHUP: [libjvm.dylib+0x4166ab], sa_mask[0]=0xfffefeff, sa_flags=0x00000042
SIGINT: [libjvm.dylib+0x4166ab], sa_mask[0]=0xfffefeff, sa_flags=0x00000042
SIGTERM: [libjvm.dylib+0x4166ab], sa_mask[0]=0xfffefeff, sa_flags=0x00000042
SIGQUIT: [libjvm.dylib+0x4166ab], sa_mask[0]=0xfffefeff, sa_flags=0x00000042


---------------  S Y S T E M  ---------------

OS:Bsduname:Darwin 14.0.0 Darwin Kernel Version 14.0.0: Fri Sep 19 00:26:44 PDT 2014; root:xnu-2782.1.97~2/RELEASE_X86_64 x86_64
rlimit: STACK 8192k, CORE 0k, NPROC 709, NOFILE 10240, AS infinity
load average:6.82 5.84 5.63

CPU:total 4 (2 cores per cpu, 2 threads per core) family 6 model 69 stepping 1, cmov, cx8, fxsr, mmx, sse, sse2, sse3, ssse3, sse4.1, sse4.2, popcnt, avx, avx2, aes, erms, ht, tsc, tscinvbit

Memory: 4k page, physical 8388608k(2097152k free)

/proc/meminfo:


vm_info: Java HotSpot(TM) 64-Bit Server VM (24.51-b03) for bsd-amd64 JRE (1.7.0_51-b13), built on Dec 18 2013 18:45:56 by "java_re" with gcc 4.2.1 (Based on Apple Inc. build 5658) (LLVM build 2336.11.00)

time: Fri Mar 20 22:28:27 2015
elapsed time: 74 seconds

